<?xml version="1.0" encoding="UTF-8"?>
<!-- Generated by org.testng.reporters.JUnitXMLReporter -->
<testsuite ignored="3" hostname="qalab-scim-ss" failures="2" tests="5" name="LoginPageTest" time="26.346" errors="0" timestamp="2026-01-30T11:51:58 UTC">
  <testcase classname="com.orangeHRM.test.DummyClass" name="verifyPageTitle" time="0.055"/>
  <testcase classname="com.orangeHRM.test.DummyClass2" name="verifyPageTitle" time="0.017">
    <failure type="java.lang.AssertionError" message="Test Failed .Title not matching">
      <![CDATA[java.lang.AssertionError: Test Failed .Title not matching
at com.orangeHRM.test.DummyClass2.verifyPageTitle(DummyClass2.java:12)
at java.base/java.util.concurrent.Executors$RunnableAdapter.call(Executors.java:572)
at java.base/java.util.concurrent.FutureTask.run(FutureTask.java:317)
at java.base/java.util.concurrent.ThreadPoolExecutor.runWorker(ThreadPoolExecutor.java:1144)
at java.base/java.util.concurrent.ThreadPoolExecutor$Worker.run(ThreadPoolExecutor.java:642)
at java.base/java.lang.Thread.run(Thread.java:1583)
... Removed 11 stack frames]]>
    </failure>
  </testcase> <!-- verifyPageTitle -->
  <testcase classname="com.orangeHRM.test.HomePageTest" name="verifyOrangeHRMLogo" time="2.653"/>
  <testcase classname="com.orangeHRM.test.LoginPageTest" name="verifyInValidLoginTest" time="2.434">
    <failure type="java.lang.AssertionError" message="expected [true] but found [false]">
      <![CDATA[java.lang.AssertionError: expected [true] but found [false]
at com.orangeHRM.test.LoginPageTest.verifyInValidLoginTest(LoginPageTest.java:35)
at java.base/java.util.concurrent.Executors$RunnableAdapter.call(Executors.java:572)
at java.base/java.util.concurrent.FutureTask.run(FutureTask.java:317)
at java.base/java.util.concurrent.ThreadPoolExecutor.runWorker(ThreadPoolExecutor.java:1144)
at java.base/java.util.concurrent.ThreadPoolExecutor$Worker.run(ThreadPoolExecutor.java:642)
at java.base/java.lang.Thread.run(Thread.java:1583)
... Removed 15 stack frames]]>
    </failure>
  </testcase> <!-- verifyInValidLoginTest -->
  <testcase classname="com.orangeHRM.test.LoginPageTest" name="verifyValidLoginTest" time="8.502"/>
  <testcase classname="com.orangehrm.base.BaseClass" name="@BeforeSuite loadConfig" time="0.0">
    <ignored/>
  </testcase> <!-- @BeforeSuite loadConfig -->
  <testcase classname="com.orangehrm.base.BaseClass" name="@BeforeSuite loadConfig" time="0.0">
    <ignored/>
  </testcase> <!-- @BeforeSuite loadConfig -->
  <testcase classname="com.orangehrm.base.BaseClass" name="@BeforeSuite loadConfig" time="0.0">
    <ignored/>
  </testcase> <!-- @BeforeSuite loadConfig -->
</testsuite> <!-- LoginPageTest -->
