<?xml version="1.0" encoding="UTF-8"?>
<!-- Generated by org.testng.reporters.JUnitXMLReporter -->
<testsuite ignored="0" hostname="qalab-scim-ss" failures="1" tests="2" name="LoginPageTest" time="28.555" errors="0" timestamp="2026-01-30T07:32:11 UTC">
  <testcase classname="com.orangeHRM.test.LoginPageTest" name="verifyInValidLoginTest" time="3.603">
    <failure type="java.lang.AssertionError" message="expected [true] but found [false]">
      <![CDATA[java.lang.AssertionError: expected [true] but found [false]
at com.orangeHRM.test.LoginPageTest.verifyInValidLoginTest(LoginPageTest.java:35)
at java.base/java.util.ArrayList.forEach(ArrayList.java:1596)
... Removed 29 stack frames]]>
    </failure>
  </testcase> <!-- verifyInValidLoginTest -->
  <testcase classname="com.orangeHRM.test.LoginPageTest" name="verifyValidLoginTest" time="9.504"/>
</testsuite> <!-- LoginPageTest -->
