<?xml version="1.0" encoding="UTF-8"?>
<!-- Generated by org.testng.reporters.JUnitXMLReporter -->
<testsuite ignored="0" hostname="SWAPS-PC" failures="1" tests="3" name="OrangeHRM_APIValidationTest" time="5.272" errors="0" timestamp="2026-03-08T00:08:07 IST">
  <testcase classname="com.orangeHRM.test.ApiTest" name="verifyGetUserAPI" time="3.025">
    <skipped/>
  </testcase> <!-- verifyGetUserAPI -->
  <testcase classname="com.orangeHRM.test.ApiTest" name="verifyGetUserAPI" time="1.423">
    <skipped/>
  </testcase> <!-- verifyGetUserAPI -->
  <testcase classname="com.orangeHRM.test.ApiTest" name="verifyGetUserAPI" time="0.814">
    <failure type="java.lang.AssertionError" message="The following asserts failed:
	Status code is not as Expected expected [true] but found [false]">
      <![CDATA[java.lang.AssertionError: The following asserts failed:
Status code is not as Expected expected [true] but found [false]
at com.orangeHRM.test.ApiTest.verifyGetUserAPI(ApiTest.java:60)
at java.base/java.util.ArrayList.forEach(ArrayList.java:1511)
... Removed 29 stack frames]]>
    </failure>
  </testcase> <!-- verifyGetUserAPI -->
</testsuite> <!-- OrangeHRM_APIValidationTest -->
