<?xml version="1.0" encoding="UTF-8"?>
<!-- Generated by org.testng.reporters.JUnitXMLReporter -->
<testsuite ignored="2" hostname="SWAPS-PC" failures="1" tests="7" name="OrangeHRMTest" time="40.569" errors="0" timestamp="2026-03-08T23:32:24 IST">
  <testcase classname="com.orangeHRM.test.LoginPageTest" name="verifyInValidLoginTest" time="2.571">
    <skipped/>
  </testcase> <!-- verifyInValidLoginTest -->
  <testcase classname="com.orangeHRM.test.HomePageTest" name="verifyOrangeHRMLogo" time="4.449"/>
  <testcase classname="com.orangeHRM.test.ApiTest" name="verifyGetUserAPI" time="4.499"/>
  <testcase classname="com.orangeHRM.test.DBVerificationTest" name="verifyEmployeeNameVerificationFromDB" time="9.88"/>
  <testcase classname="com.orangeHRM.test.LoginPageTest" name="verifyInValidLoginTest" time="2.501">
    <skipped/>
  </testcase> <!-- verifyInValidLoginTest -->
  <testcase classname="com.orangeHRM.test.LoginPageTest" name="verifyInValidLoginTest" time="2.307">
    <failure type="java.lang.AssertionError" message="expected [true] but found [false]">
      <![CDATA[java.lang.AssertionError: expected [true] but found [false]
at com.orangeHRM.test.LoginPageTest.verifyInValidLoginTest(LoginPageTest.java:42)
at java.base/java.util.concurrent.Executors$RunnableAdapter.call(Executors.java:539)
at java.base/java.util.concurrent.FutureTask.run(FutureTask.java:264)
at java.base/java.util.concurrent.ThreadPoolExecutor.runWorker(ThreadPoolExecutor.java:1136)
at java.base/java.util.concurrent.ThreadPoolExecutor$Worker.run(ThreadPoolExecutor.java:635)
at java.base/java.lang.Thread.run(Thread.java:842)
... Removed 17 stack frames]]>
    </failure>
  </testcase> <!-- verifyInValidLoginTest -->
  <testcase classname="com.orangeHRM.test.LoginPageTest" name="verifyValidLoginTest" time="10.795"/>
  <testcase classname="com.orangehrm.base.BaseClass" name="@BeforeSuite loadConfig" time="0.0">
    <ignored/>
  </testcase> <!-- @BeforeSuite loadConfig -->
  <testcase classname="com.orangehrm.base.BaseClass" name="@BeforeSuite loadConfig" time="0.0">
    <ignored/>
  </testcase> <!-- @BeforeSuite loadConfig -->
</testsuite> <!-- OrangeHRMTest -->
