<?xml version="1.0" encoding="UTF-8"?>
<!-- Generated by org.testng.reporters.JUnitXMLReporter -->
<testsuite ignored="1" hostname="qalab-scim-ss" failures="1" tests="2" name="OrangeHRMTest" time="14.002" errors="0" timestamp="2026-01-29T10:32:10 UTC">
  <testcase classname="com.orangeHRM.test.DummyClass" name="verifyPageTitle" time="0.038"/>
  <testcase classname="com.orangeHRM.test.DummyClass2" name="verifyPageTitle" time="0.033">
    <failure type="java.lang.AssertionError" message="Test Failed .Title not matching">
      <![CDATA[java.lang.AssertionError: Test Failed .Title not matching
at com.orangeHRM.test.DummyClass2.verifyPageTitle(DummyClass2.java:12)
at java.base/java.util.ArrayList.forEach(ArrayList.java:1596)
... Removed 25 stack frames]]>
    </failure>
  </testcase> <!-- verifyPageTitle -->
  <testcase classname="com.orangehrm.base.BaseClass" name="@BeforeSuite loadConfig" time="0.0">
    <ignored/>
  </testcase> <!-- @BeforeSuite loadConfig -->
</testsuite> <!-- OrangeHRMTest -->
