<?xml version="1.0" encoding="UTF-8"?>
<!-- Generated by org.testng.reporters.JUnitXMLReporter -->
<testsuite ignored="0" hostname="SWAPS-PC" failures="1" tests="1" name="OrangeHRM_DBValidationTest" time="23.419" errors="0" timestamp="2026-03-08T00:08:02 IST">
  <testcase classname="com.orangeHRM.test.DBVerificationTest" name="verifyEmployeeNameVerificationFromDB" time="16.658">
    <failure type="java.lang.AssertionError" message="The following asserts failed:
	First and Middle name are not Matching expected [true] but found [false],
	expected [true] but found [false]">
      <![CDATA[java.lang.AssertionError: The following asserts failed:
First and Middle name are not Matching expected [true] but found [false],
expected [true] but found [false]
at com.orangeHRM.test.DBVerificationTest.verifyEmployeeNameVerificationFromDB(DBVerificationTest.java:65)
at java.base/java.util.ArrayList.forEach(ArrayList.java:1511)
... Removed 29 stack frames]]>
    </failure>
  </testcase> <!-- verifyEmployeeNameVerificationFromDB -->
</testsuite> <!-- OrangeHRM_DBValidationTest -->
