<?xml version="1.0" encoding="UTF-8"?>
<testng-results ignored="0" total="4" passed="4" failed="0" skipped="0">
  <reporter-output>
  </reporter-output>
  <suite started-at="2026-03-10T23:14:08 IST" name="OrangeHRMSuite" finished-at="2026-03-10T23:14:45 IST" duration-ms="36520">
    <groups>
    </groups>
    <test started-at="2026-03-10T23:14:08 IST" name="OrangeHRMTest_chrome" finished-at="2026-03-10T23:14:45 IST" duration-ms="36520">
      <class name="com.orangeHRM.test.HomePageTest">
        <test-method is-config="true" signature="setup(java.lang.String)[pri:0, instance:com.orangeHRM.test.HomePageTest@5ef6ae06]" started-at="2026-03-10T23:14:09 IST" name="setup" finished-at="2026-03-10T23:14:17 IST" duration-ms="7237" status="PASS">
          <params>
            <param index="0">
              <value>
                <![CDATA[chrome]]>
              </value>
            </param>
          </params>
          <reporter-output>
          </reporter-output>
        </test-method> <!-- setup -->
        <test-method is-config="true" signature="setupPages()[pri:0, instance:com.orangeHRM.test.HomePageTest@5ef6ae06]" started-at="2026-03-10T23:14:17 IST" name="setupPages" finished-at="2026-03-10T23:14:17 IST" duration-ms="10" status="PASS">
          <reporter-output>
          </reporter-output>
        </test-method> <!-- setupPages -->
        <test-method signature="verifyOrangeHRMLogo(java.lang.String,java.lang.String)[pri:0, instance:com.orangeHRM.test.HomePageTest@5ef6ae06]" started-at="2026-03-10T23:14:17 IST" name="verifyOrangeHRMLogo" data-provider="validLoginData" finished-at="2026-03-10T23:14:21 IST" duration-ms="4467" status="PASS">
          <params>
            <param index="0">
              <value>
                <![CDATA[orangehrm_hverma]]>
              </value>
            </param>
            <param index="1">
              <value>
                <![CDATA[Passw0rd@7654321]]>
              </value>
            </param>
          </params>
          <reporter-output>
          </reporter-output>
        </test-method> <!-- verifyOrangeHRMLogo -->
        <test-method is-config="true" signature="tearDown()[pri:0, instance:com.orangeHRM.test.HomePageTest@5ef6ae06]" started-at="2026-03-10T23:14:21 IST" name="tearDown" finished-at="2026-03-10T23:14:21 IST" duration-ms="211" status="PASS">
          <reporter-output>
          </reporter-output>
        </test-method> <!-- tearDown -->
      </class> <!-- com.orangeHRM.test.HomePageTest -->
      <class name="com.orangeHRM.test.LoginPageTest">
        <test-method is-config="true" signature="loadConfig()[pri:0, instance:com.orangeHRM.test.LoginPageTest@37c7595]" started-at="2026-03-10T23:14:08 IST" name="loadConfig" finished-at="2026-03-10T23:14:08 IST" duration-ms="46" status="PASS">
          <reporter-output>
          </reporter-output>
        </test-method> <!-- loadConfig -->
        <test-method is-config="true" signature="setup(java.lang.String)[pri:0, instance:com.orangeHRM.test.LoginPageTest@37c7595]" started-at="2026-03-10T23:14:09 IST" name="setup" finished-at="2026-03-10T23:14:29 IST" duration-ms="19477" status="PASS">
          <params>
            <param index="0">
              <value>
                <![CDATA[chrome]]>
              </value>
            </param>
          </params>
          <reporter-output>
          </reporter-output>
        </test-method> <!-- setup -->
        <test-method is-config="true" signature="setupPages()[pri:0, instance:com.orangeHRM.test.LoginPageTest@37c7595]" started-at="2026-03-10T23:14:29 IST" name="setupPages" finished-at="2026-03-10T23:14:29 IST" duration-ms="0" status="PASS">
          <reporter-output>
          </reporter-output>
        </test-method> <!-- setupPages -->
        <test-method signature="verifyInValidLoginTest(java.lang.String,java.lang.String)[pri:0, instance:com.orangeHRM.test.LoginPageTest@37c7595]" started-at="2026-03-10T23:14:29 IST" name="verifyInValidLoginTest" data-provider="inValidLoginData" finished-at="2026-03-10T23:14:32 IST" duration-ms="3368" status="PASS">
          <params>
            <param index="0">
              <value>
                <![CDATA[admin1]]>
              </value>
            </param>
            <param index="1">
              <value>
                <![CDATA[admin123]]>
              </value>
            </param>
          </params>
          <reporter-output>
          </reporter-output>
        </test-method> <!-- verifyInValidLoginTest -->
        <test-method is-config="true" signature="tearDown()[pri:0, instance:com.orangeHRM.test.LoginPageTest@37c7595]" started-at="2026-03-10T23:14:32 IST" name="tearDown" finished-at="2026-03-10T23:14:33 IST" duration-ms="258" status="PASS">
          <reporter-output>
          </reporter-output>
        </test-method> <!-- tearDown -->
        <test-method is-config="true" signature="setup(java.lang.String)[pri:0, instance:com.orangeHRM.test.LoginPageTest@37c7595]" started-at="2026-03-10T23:14:33 IST" name="setup" finished-at="2026-03-10T23:14:37 IST" duration-ms="4497" status="PASS">
          <params>
            <param index="0">
              <value>
                <![CDATA[chrome]]>
              </value>
            </param>
          </params>
          <reporter-output>
          </reporter-output>
        </test-method> <!-- setup -->
        <test-method is-config="true" signature="setupPages()[pri:0, instance:com.orangeHRM.test.LoginPageTest@37c7595]" started-at="2026-03-10T23:14:37 IST" name="setupPages" finished-at="2026-03-10T23:14:37 IST" duration-ms="1" status="PASS">
          <reporter-output>
          </reporter-output>
        </test-method> <!-- setupPages -->
        <test-method signature="verifyValidLoginTest(java.lang.String,java.lang.String)[pri:0, instance:com.orangeHRM.test.LoginPageTest@37c7595]" started-at="2026-03-10T23:14:37 IST" name="verifyValidLoginTest" data-provider="validLoginData" finished-at="2026-03-10T23:14:44 IST" duration-ms="7090" status="PASS">
          <params>
            <param index="0">
              <value>
                <![CDATA[orangehrm_hverma]]>
              </value>
            </param>
            <param index="1">
              <value>
                <![CDATA[Passw0rd@7654321]]>
              </value>
            </param>
          </params>
          <reporter-output>
          </reporter-output>
        </test-method> <!-- verifyValidLoginTest -->
        <test-method is-config="true" signature="tearDown()[pri:0, instance:com.orangeHRM.test.LoginPageTest@37c7595]" started-at="2026-03-10T23:14:44 IST" name="tearDown" finished-at="2026-03-10T23:14:45 IST" duration-ms="216" status="PASS">
          <reporter-output>
          </reporter-output>
        </test-method> <!-- tearDown -->
      </class> <!-- com.orangeHRM.test.LoginPageTest -->
      <class name="com.orangeHRM.test.ApiTest">
        <test-method signature="verifyGetUserAPI()[pri:0, instance:com.orangeHRM.test.ApiTest@ba2f4ec]" started-at="2026-03-10T23:14:08 IST" name="verifyGetUserAPI" finished-at="2026-03-10T23:14:16 IST" duration-ms="7648" status="PASS">
          <reporter-output>
          </reporter-output>
        </test-method> <!-- verifyGetUserAPI -->
      </class> <!-- com.orangeHRM.test.ApiTest -->
    </test> <!-- OrangeHRMTest_chrome -->
  </suite> <!-- OrangeHRMSuite -->
</testng-results>
