<?xml version="1.0" encoding="UTF-8"?>
<testng-results ignored="0" total="1" passed="1" failed="0" skipped="0">
  <reporter-output>
  </reporter-output>
  <suite started-at="2026-01-22T08:57:47 UTC" name="Default suite" finished-at="2026-01-22T08:57:52 UTC" duration-ms="5021">
    <groups>
    </groups>
    <test started-at="2026-01-22T08:57:47 UTC" name="Default test" finished-at="2026-01-22T08:57:52 UTC" duration-ms="5021">
      <class name="com.orangehrm.pages.DummyClass">
        <test-method is-config="true" signature="setup()[pri:0, instance:com.orangehrm.pages.DummyClass@702657cc]" started-at="2026-01-22T08:57:47 UTC" name="setup" finished-at="2026-01-22T08:57:52 UTC" duration-ms="4751" status="PASS">
          <reporter-output>
          </reporter-output>
        </test-method> <!-- setup -->
        <test-method signature="verifyPageTitle()[pri:0, instance:com.orangehrm.pages.DummyClass@702657cc]" started-at="2026-01-22T08:57:52 UTC" name="verifyPageTitle" finished-at="2026-01-22T08:57:52 UTC" duration-ms="32" status="PASS">
          <reporter-output>
          </reporter-output>
        </test-method> <!-- verifyPageTitle -->
        <test-method is-config="true" signature="tearDown()[pri:0, instance:com.orangehrm.pages.DummyClass@702657cc]" started-at="2026-01-22T08:57:52 UTC" name="tearDown" finished-at="2026-01-22T08:57:52 UTC" duration-ms="180" status="PASS">
          <reporter-output>
          </reporter-output>
        </test-method> <!-- tearDown -->
      </class> <!-- com.orangehrm.pages.DummyClass -->
    </test> <!-- Default test -->
  </suite> <!-- Default suite -->
</testng-results>
