<?xml version="1.0" encoding="UTF-8"?>
<!-- Generated by org.testng.reporters.JUnitReportReporter -->
<testsuite hostname="SWAPS-PC" failures="1" tests="3" name="com.orangeHRM.test.DBVerificationTest" time="45.974" errors="0" timestamp="2026-03-08T00:24:46 IST" skipped="2">
  <testcase classname="com.orangeHRM.test.DBVerificationTest" name="verifyEmployeeNameVerificationFromDB" time="14.431">
    <failure message="The following asserts failed:
	First and Middle name are not Matching expected [true] but found [false],
	First and Middle name are not Matching expected [true] but found [false],
	First and Middle name are not Matching expected [true] but found [false]" type="java.lang.AssertionError">
      <![CDATA[java.lang.AssertionError: The following asserts failed:
First and Middle name are not Matching expected [true] but found [false],
First and Middle name are not Matching expected [true] but found [false],
First and Middle name are not Matching expected [true] but found [false]
at org.testng.asserts.SoftAssert.assertAll(SoftAssert.java:46)
at org.testng.asserts.SoftAssert.assertAll(SoftAssert.java:30)
at com.orangeHRM.test.DBVerificationTest.verifyEmployeeNameVerificationFromDB(DBVerificationTest.java:65)
at java.base/jdk.internal.reflect.NativeMethodAccessorImpl.invoke0(Native Method)
at java.base/jdk.internal.reflect.NativeMethodAccessorImpl.invoke(NativeMethodAccessorImpl.java:77)
at java.base/jdk.internal.reflect.DelegatingMethodAccessorImpl.invoke(DelegatingMethodAccessorImpl.java:43)
at java.base/java.lang.reflect.Method.invoke(Method.java:568)
at org.testng.internal.invokers.MethodInvocationHelper.invokeMethod(MethodInvocationHelper.java:141)
at org.testng.internal.invokers.TestInvoker.invokeMethod(TestInvoker.java:687)
at org.testng.internal.invokers.TestInvoker.retryFailed(TestInvoker.java:269)
at org.testng.internal.invokers.MethodRunner.runInSequence(MethodRunner.java:76)
at org.testng.internal.invokers.TestInvoker$MethodInvocationAgent.invoke(TestInvoker.java:995)
at org.testng.internal.invokers.TestInvoker.invokeTestMethods(TestInvoker.java:203)
at org.testng.internal.invokers.TestMethodWorker.invokeTestMethods(TestMethodWorker.java:154)
at org.testng.internal.invokers.TestMethodWorker.run(TestMethodWorker.java:134)
at java.base/java.util.concurrent.Executors$RunnableAdapter.call(Executors.java:539)
at java.base/java.util.concurrent.FutureTask.run(FutureTask.java:264)
at org.testng.internal.thread.graph.TestNGFutureTask.run(TestNGFutureTask.java:22)
at java.base/java.util.concurrent.ThreadPoolExecutor.runWorker(ThreadPoolExecutor.java:1136)
at java.base/java.util.concurrent.ThreadPoolExecutor$Worker.run(ThreadPoolExecutor.java:635)
at java.base/java.lang.Thread.run(Thread.java:842)
]]>
    </failure>
  </testcase> <!-- verifyEmployeeNameVerificationFromDB -->
  <testcase classname="com.orangeHRM.test.DBVerificationTest" name="verifyEmployeeNameVerificationFromDB" time="14.289">
    <skipped/>
  </testcase> <!-- verifyEmployeeNameVerificationFromDB -->
  <testcase classname="com.orangeHRM.test.DBVerificationTest" name="verifyEmployeeNameVerificationFromDB" time="17.254">
    <skipped/>
  </testcase> <!-- verifyEmployeeNameVerificationFromDB -->
</testsuite> <!-- com.orangeHRM.test.DBVerificationTest -->
