<?xml version="1.0" encoding="UTF-8"?>
<!-- Generated by org.testng.reporters.JUnitReportReporter -->
<testsuite hostname="SWAPS-PC" failures="0" tests="4" name="com.orangeHRM.test.LoginPageTest" time="52.138" errors="0" timestamp="2026-03-10T23:45:18 IST" skipped="0">
  <testcase classname="com.orangeHRM.test.LoginPageTest" name="verifyInValidLoginTest" time="13.189"/>
  <testcase classname="com.orangeHRM.test.LoginPageTest" name="verifyInValidLoginTest" time="10.247"/>
  <testcase classname="com.orangeHRM.test.LoginPageTest" name="verifyValidLoginTest" time="15.288"/>
  <testcase classname="com.orangeHRM.test.LoginPageTest" name="verifyValidLoginTest" time="13.414"/>
</testsuite> <!-- com.orangeHRM.test.LoginPageTest -->
