<?xml version="1.0" encoding="UTF-8"?>
<!-- Generated by org.testng.reporters.JUnitReportReporter -->
<testsuite hostname="qalab-scim-ss" failures="0" tests="2" name="com.orangeHRM.test.DummyClass" time="14.222" errors="0" timestamp="2026-01-29T10:32:25 UTC" skipped="0">
  <testcase classname="com.orangeHRM.test.DummyClass" name="verifyPageTitle" time="7.514"/>
  <testcase classname="com.orangeHRM.test.DummyClass" name="verifyPageTitle" time="6.708"/>
</testsuite> <!-- com.orangeHRM.test.DummyClass -->
