<?xml version="1.0" encoding="UTF-8"?>
<!-- Generated by org.testng.reporters.JUnitReportReporter -->
<testsuite hostname="SWAPS-PC" failures="0" tests="2" name="com.orangeHRM.test.HomePageTest" time="37.352" errors="0" timestamp="2026-03-11T14:38:40 IST" skipped="0">
  <testcase classname="com.orangeHRM.test.HomePageTest" name="verifyOrangeHRMLogo" time="16.979"/>
  <testcase classname="com.orangeHRM.test.HomePageTest" name="verifyOrangeHRMLogo" time="20.373"/>
</testsuite> <!-- com.orangeHRM.test.HomePageTest -->
