<?xml version="1.0" encoding="UTF-8"?>
<!-- Generated by org.testng.reporters.JUnitReportReporter -->
<testsuite hostname="qalab-scim-ss" failures="0" tests="2" name="com.orangeHRM.test.DummyClass" time="26.423" errors="0" timestamp="2026-01-29T10:30:07 UTC" skipped="0">
  <testcase classname="com.orangeHRM.test.DummyClass" name="verifyPageTitle" time="11.936"/>
  <testcase classname="com.orangeHRM.test.DummyClass" name="verifyPageTitle" time="14.487"/>
</testsuite> <!-- com.orangeHRM.test.DummyClass -->
